<?xml version="1.0" encoding="UTF-8"?>
<!-- Generated by org.testng.reporters.JUnitXMLReporter -->
<testsuite hostname="DESKTOP-LJAE51R" ignored="0" name="Test" tests="6" failures="1" timestamp="30 Mar 2023 15:59:44 GMT" time="53.4" errors="0">
  <testcase name="testing" time="0.021" classname="org.rerunautomation.TestCases">
    <skipped/>
  </testcase> <!-- testing -->
  <testcase name="testing" time="0.012" classname="org.rerunautomation.TestCases">
    <skipped/>
  </testcase> <!-- testing -->
  <testcase name="testing" time="0.013" classname="org.rerunautomation.TestCases">
    <skipped/>
  </testcase> <!-- testing -->
  <testcase name="testing" time="0.014" classname="org.rerunautomation.TestCases">
    <skipped/>
  </testcase> <!-- testing -->
  <testcase name="testing" time="0.012" classname="org.rerunautomation.TestCases">
    <skipped/>
  </testcase> <!-- testing -->
  <testcase name="testing" time="0.01" classname="org.rerunautomation.TestCases">
    <failure type="java.lang.AssertionError" message="expected [google] but found [Google]">
      <![CDATA[java.lang.AssertionError: expected [google] but found [Google]
at org.rerunautomation.TestCases.testing(TestCases.java:31)
... Removed 31 stack frames]]>
    </failure>
  </testcase> <!-- testing -->
</testsuite> <!-- Test -->
